[0.538][INFO]: COMMAND InitSession {
   "desiredCapabilities": {
      "browserName": "chrome",
      "chrome.switches": [ "--user-data-dir=/Users/meng-yangchiang/GithubHome/blueapron-selenium/evidence/desktop_login/desktop_login_try_to_desktop_login/chrome", "--enable-logging", "--v=1", "--log-net-log=/Users/meng-yangchiang/GithubHome/blueapron-selenium/evidence/desktop_login/desktop_login_try_to_desktop_login/chrome/net_log.log", "--net-log-level=0" ],
      "cssSelectorsEnabled": true,
      "javascriptEnabled": true,
      "nativeEvents": false,
      "platform": "ANY",
      "rotatable": false,
      "takesScreenshot": false,
      "version": ""
   }
}
[0.541][INFO]: Populating Preferences file: {
   "alternate_error_pages": {
      "enabled": false
   },
   "autofill": {
      "enabled": false
   },
   "browser": {
      "check_default_browser": false
   },
   "distribution": {
      "import_bookmarks": false,
      "import_history": false,
      "import_search_engine": false,
      "make_chrome_default_for_user": false,
      "show_welcome_page": false,
      "skip_first_run_ui": true
   },
   "dns_prefetching": {
      "enabled": false
   },
   "profile": {
      "content_settings": {
         "pattern_pairs": {
            "https://*,*": {
               "media-stream": {
                  "audio": "Default",
                  "video": "Default"
               }
            }
         }
      },
      "default_content_settings": {
         "geolocation": 1,
         "mouselock": 1,
         "notifications": 1,
         "popups": 1,
         "ppapi-broker": 1
      },
      "password_manager_enabled": false
   },
   "safebrowsing": {
      "enabled": false
   },
   "search": {
      "suggest_enabled": false
   },
   "translate": {
      "enabled": false
   }
}
[0.541][INFO]: Populating Local State file: {
   "background_mode": {
      "enabled": false
   },
   "ssl": {
      "rev_checking": {
         "enabled": false
      }
   }
}
[0.545][INFO]: Launching chrome: /Applications/Google Chrome.app/Contents/MacOS/Google Chrome --disable-background-networking --disable-client-side-phishing-detection --disable-component-update --disable-default-apps --disable-hang-monitor --disable-prompt-on-repost --disable-sync --disable-web-resources --enable-logging --full-memory-crash-report --ignore-certificate-errors --load-extension=/var/folders/sp/pst9qs5d3gl4pxjpqhfkkh840000gn/T/.org.chromium.Chromium.uFYMZm/internal --logging-level=1 --metrics-recording-only --no-first-run --password-store=basic --remote-debugging-port=12108 --safebrowsing-disable-auto-update --safebrowsing-disable-download-protection --use-mock-keychain --user-data-dir=/var/folders/sp/pst9qs5d3gl4pxjpqhfkkh840000gn/T/.org.chromium.Chromium.DsZ5qa data:,
[1.623][INFO]: RESPONSE InitSession {
   "acceptSslCerts": true,
   "applicationCacheEnabled": false,
   "browserConnectionEnabled": false,
   "browserName": "chrome",
   "chrome": {
      "userDataDir": "/var/folders/sp/pst9qs5d3gl4pxjpqhfkkh840000gn/T/.org.chromium.Chromium.DsZ5qa"
   },
   "cssSelectorsEnabled": true,
   "databaseEnabled": false,
   "handlesAlerts": true,
   "javascriptEnabled": true,
   "locationContextEnabled": true,
   "nativeEvents": true,
   "platform": "Mac OS X",
   "rotatable": false,
   "takesHeapSnapshot": true,
   "takesScreenshot": true,
   "version": "47.0.2522.0",
   "webStorageEnabled": true
}
[1.808][INFO]: COMMAND Navigate {
   "url": "https://wms-staging-2.blueapron.com/sessions/new"
}
[1.828][INFO]: Waiting for pending navigations...
[1.871][INFO]: Done waiting for pending navigations
[3.312][INFO]: Waiting for pending navigations...
[7.143][INFO]: Done waiting for pending navigations
[7.143][INFO]: RESPONSE Navigate
[7.152][INFO]: COMMAND FindElement {
   "using": "css selector",
   "value": ".sign-in-form"
}
[7.152][INFO]: Waiting for pending navigations...
[7.152][INFO]: Done waiting for pending navigations
[7.167][INFO]: Waiting for pending navigations...
[7.167][INFO]: Done waiting for pending navigations
[7.167][INFO]: RESPONSE FindElement {
   "ELEMENT": "0.555321813095361-1"
}
[7.190][INFO]: COMMAND IsElementDisplayed {
   "id": "0.555321813095361-1"
}
[7.190][INFO]: Waiting for pending navigations...
[7.190][INFO]: Done waiting for pending navigations
[7.210][INFO]: Waiting for pending navigations...
[7.210][INFO]: Done waiting for pending navigations
[7.210][INFO]: RESPONSE IsElementDisplayed true
[7.216][INFO]: COMMAND FindElement {
   "using": "css selector",
   "value": "[type=\"text\"]"
}
[7.216][INFO]: Waiting for pending navigations...
[7.216][INFO]: Done waiting for pending navigations
[7.228][INFO]: Waiting for pending navigations...
[7.228][INFO]: Done waiting for pending navigations
[7.228][INFO]: RESPONSE FindElement {
   "ELEMENT": "0.555321813095361-2"
}
[7.234][INFO]: COMMAND TypeElement {
   "id": "0.555321813095361-2",
   "value": [ "leo.rogers@blueapron.com" ]
}
[7.234][INFO]: Waiting for pending navigations...
[7.234][INFO]: Done waiting for pending navigations
[7.321][INFO]: Waiting for pending navigations...
[7.321][INFO]: Done waiting for pending navigations
[7.321][INFO]: RESPONSE TypeElement
[7.327][INFO]: COMMAND FindElement {
   "using": "css selector",
   "value": "[type*=\"password\"]"
}
[7.327][INFO]: Waiting for pending navigations...
[7.327][INFO]: Done waiting for pending navigations
[7.422][INFO]: Waiting for pending navigations...
[7.422][INFO]: Done waiting for pending navigations
[7.422][INFO]: RESPONSE FindElement {
   "ELEMENT": "0.555321813095361-3"
}
[7.430][INFO]: COMMAND TypeElement {
   "id": "0.555321813095361-3",
   "value": [ "larba334" ]
}
[7.430][INFO]: Waiting for pending navigations...
[7.430][INFO]: Done waiting for pending navigations
[7.489][INFO]: Waiting for pending navigations...
[7.489][INFO]: Done waiting for pending navigations
[7.489][INFO]: RESPONSE TypeElement
[7.500][INFO]: COMMAND FindElement {
   "using": "css selector",
   "value": ".btn.mr-10"
}
[7.500][INFO]: Waiting for pending navigations...
[7.500][INFO]: Done waiting for pending navigations
[7.523][INFO]: Waiting for pending navigations...
[7.523][INFO]: Done waiting for pending navigations
[7.523][INFO]: RESPONSE FindElement {
   "ELEMENT": "0.555321813095361-4"
}
[7.529][INFO]: COMMAND ClickElement {
   "id": "0.555321813095361-4"
}
[7.529][INFO]: Waiting for pending navigations...
[7.529][INFO]: Done waiting for pending navigations
[7.561][INFO]: Waiting for pending navigations...
[7.561][INFO]: Done waiting for pending navigations
[7.561][INFO]: RESPONSE ClickElement
[7.569][INFO]: COMMAND FindElement {
   "using": "css selector",
   "value": ".sign-in-form"
}
[7.569][INFO]: Waiting for pending navigations...
[7.569][INFO]: Done waiting for pending navigations
[7.590][INFO]: Waiting for pending navigations...
[7.590][INFO]: Done waiting for pending navigations
[7.590][INFO]: RESPONSE FindElement {
   "ELEMENT": "0.555321813095361-1"
}
[7.597][INFO]: COMMAND IsElementDisplayed {
   "id": "0.555321813095361-1"
}
[7.597][INFO]: Waiting for pending navigations...
[7.597][INFO]: Done waiting for pending navigations
[7.611][INFO]: Waiting for pending navigations...
[7.611][INFO]: Done waiting for pending navigations
[7.611][INFO]: RESPONSE IsElementDisplayed true
[7.824][INFO]: COMMAND FindElement {
   "using": "css selector",
   "value": ".sign-in-form"
}
[7.825][INFO]: Waiting for pending navigations...
[7.825][INFO]: Done waiting for pending navigations
[7.832][INFO]: Waiting for pending navigations...
[7.832][INFO]: Done waiting for pending navigations
[7.832][INFO]: RESPONSE FindElement no such element
  (Session info: chrome=47.0.2522.0)
[8.465][INFO]: COMMAND FindElement {
   "using": "css selector",
   "value": ".form-search"
}
[8.465][INFO]: Waiting for pending navigations...
[8.465][INFO]: Done waiting for pending navigations
[8.478][INFO]: Waiting for pending navigations...
[8.478][INFO]: Done waiting for pending navigations
[8.478][INFO]: RESPONSE FindElement {
   "ELEMENT": "0.555321813095361-5"
}
[8.484][INFO]: COMMAND IsElementDisplayed {
   "id": "0.555321813095361-5"
}
[8.484][INFO]: Waiting for pending navigations...
[8.484][INFO]: Done waiting for pending navigations
[8.497][INFO]: Waiting for pending navigations...
[8.497][INFO]: Done waiting for pending navigations
[8.497][INFO]: RESPONSE IsElementDisplayed true
[8.505][INFO]: COMMAND GetWindows {

}
[8.507][INFO]: RESPONSE GetWindows [ "CDwindow-E52BC2A2-A95C-4896-906D-93F6E4E9012F" ]
[8.521][INFO]: COMMAND SwitchToWindow {
   "name": "CDwindow-E52BC2A2-A95C-4896-906D-93F6E4E9012F"
}
[8.522][INFO]: RESPONSE SwitchToWindow
[8.527][INFO]: COMMAND GetSource {

}
[8.527][INFO]: Waiting for pending navigations...
[8.527][INFO]: Done waiting for pending navigations
[8.530][INFO]: Waiting for pending navigations...
[8.530][INFO]: Done waiting for pending navigations
[8.530][INFO]: RESPONSE GetSource "\u003C!DOCTYPE html>\u003Chtml xmlns=\"http://www.w3.org/1999/xhtml\">\u003Chead>\u003Cmeta name=\"csrf-param\" content=\"authenticity_token\" />\n\u003Cmeta name=\"csrf-token\" content=\"JNFMXO/46gfgiPju2vAXQjJaLDjXRjlhn4P0//QAZYv4..."
[8.538][INFO]: COMMAND Quit {

}
[8.589][INFO]: RESPONSE Quit
